<?xml version="1.0" encoding="UTF-8"?>
<Report 
    xmlns="http://schemas.microsoft.com/sqlserver/reporting/2005/01/reportdefinition"
    xmlns:rd="http://schemas.microsoft.com/SQLServer/reporting/reportdesigner">
    <ReportName>Airline Booking Report</ReportName>
    
    <DataSources>
        <DataSource Name="BookingDataSource">
            <ConnectionProperties>
                <DataProvider>JSON</DataProvider>
                <ConnectString>{"DataPath": "bookings.json"}</ConnectString>
            </ConnectionProperties>
        </DataSource>
    </DataSources>
    
    <DataSets>
        <DataSet Name="BookingsDataSet">
            <Fields>
                <Field Name="bookingId">
                    <DataField>bookingId</DataField>
                    <rd:TypeName>System.String</rd:TypeName>
                </Field>
                <Field Name="passengerName">
                    <DataField>passengerName</DataField>
                    <rd:TypeName>System.String</rd:TypeName>
                </Field>
                <Field Name="flightNumber">
                    <DataField>flightNumber</DataField>
                    <rd:TypeName>System.String</rd:TypeName>
                </Field>
                <Field Name="from">
                    <DataField>from</DataField>
                    <rd:TypeName>System.String</rd:TypeName>
                </Field>
                <Field Name="to">
                    <DataField>to</DataField>
                    <rd:TypeName>System.String</rd:TypeName>
                </Field>
                <Field Name="date">
                    <DataField>date</DataField>
                    <rd:TypeName>System.DateTime</rd:TypeName>
                </Field>
                <Field Name="class">
                    <DataField>class</DataField>
                    <rd:TypeName>System.String</rd:TypeName>
                </Field>
                <Field Name="seatNumber">
                    <DataField>seatNumber</DataField>
                    <rd:TypeName>System.String</rd:TypeName>
                </Field>
                <Field Name="status">
                    <DataField>status</DataField>
                    <rd:TypeName>System.String</rd:TypeName>
                </Field>
            </Fields>
            <Query>
                <DataSourceName>BookingDataSource</DataSourceName>
                <CommandText>SELECT * FROM bookings</CommandText>
            </Query>
        </DataSet>
    </DataSets>
    
    <Body>
        <ReportItems>
            <Tablix Name="BookingsTable">
                <TablixBody>
                    <TablixColumns>
                        <TablixColumn>
                            <Width>1.5in</Width>
                        </TablixColumn>
                        <TablixColumn>
                            <Width>2in</Width>
                        </TablixColumn>
                        <TablixColumn>
                            <Width>1.5in</Width>
                        </TablixColumn>
                        <TablixColumn>
                            <Width>1.5in</Width>
                        </TablixColumn>
                        <TablixColumn>
                            <Width>1.5in</Width>
                        </TablixColumn>
                        <TablixColumn>
                            <Width>2in</Width>
                        </TablixColumn>
                        <TablixColumn>
                            <Width>1.5in</Width>
                        </TablixColumn>
                        <TablixColumn>
                            <Width>1.5in</Width>
                        </TablixColumn>
                    </TablixColumns>
                    <TablixRows>
                        <TablixRow>
                            <Height>0.25in</Height>
                            <TablixCells>
                                <TablixCell>
                                    <CellContents>
                                        <Textbox Name="BookingIdHeader">
                                            <Value>Booking ID</Value>
                                            <Style>
                                                <FontWeight>Bold</FontWeight>
                                                <BackgroundColor>LightGray</BackgroundColor>
                                            </Style>
                                        </Textbox>
                                    </CellContents>
                                </TablixCell>
                                <TablixCell>
                                    <CellContents>
                                        <Textbox Name="PassengerNameHeader">
                                            <Value>Passenger Name</Value>
                                            <Style>
                                                <FontWeight>Bold</FontWeight>
                                                <BackgroundColor>LightGray</BackgroundColor>
                                            </Style>
                                        </Textbox>
                                    </CellContents>
                                </TablixCell>
                                <TablixCell>
                                    <CellContents>
                                        <Textbox Name="FlightNumberHeader">
                                            <Value>Flight Number</Value>
                                            <Style>
                                                <FontWeight>Bold</FontWeight>
                                                <BackgroundColor>LightGray</BackgroundColor>
                                            </Style>
                                        </Textbox>
                                    </CellContents>
                                </TablixCell>
                                <TablixCell>
                                    <CellContents>
                                        <Textbox Name="FromHeader">
                                            <Value>From</Value>
                                            <Style>
                                                <FontWeight>Bold</FontWeight>
                                                <BackgroundColor>LightGray</BackgroundColor>
                                            </Style>
                                        </Textbox>
                                    </CellContents>
                                </TablixCell>
                                <TablixCell>
                                    <CellContents>
                                        <Textbox Name="ToHeader">
                                            <Value>To</Value>
                                            <Style>
                                                <FontWeight>Bold</FontWeight>
                                                <BackgroundColor>LightGray</BackgroundColor>
                                            </Style>
                                        </Textbox>
                                    </CellContents>
                                </TablixCell>
                                <TablixCell>
                                    <CellContents>
                                        <Textbox Name="DateHeader">
                                            <Value>Date</Value>
                                            <Style>
                                                <FontWeight>Bold</FontWeight>
                                                <BackgroundColor>LightGray</BackgroundColor>
                                            </Style>
                                        </Textbox>
                                    </CellContents>
                                </TablixCell>
                                <TablixCell>
                                    <CellContents>
                                        <Textbox Name="ClassHeader">
                                            <Value>Class</Value>
                                            <Style>
                                                <FontWeight>Bold</FontWeight>
                                                <BackgroundColor>LightGray</BackgroundColor>
                                            </Style>
                                        </Textbox>
                                    </CellContents>
                                </TablixCell>
                                <TablixCell>
                                    <CellContents>
                                        <Textbox Name="StatusHeader">
                                            <Value>Status</Value>
                                            <Style>
                                                <FontWeight>Bold</FontWeight>
                                                <BackgroundColor>LightGray</BackgroundColor>
                                            </Style>
                                        </Textbox>
                                    </CellContents>
                                </TablixCell>
                            </TablixCells>
                        </TablixRow>
                        <TablixRow>
                            <Height>0.25in</Height>
                            <TablixCells>
                                <TablixCell>
                                    <CellContents>
                                        <Textbox Name="BookingId">
                                            <Value>=Fields!bookingId.Value</Value>
                                        </Textbox>
                                    </CellContents>
                                </TablixCell>
                                <TablixCell>
                                    <CellContents>
                                        <Textbox Name="PassengerName">
                                            <Value>=Fields!passengerName.Value</Value>
                                        </Textbox>
                                    </CellContents>
                                </TablixCell>
                                <TablixCell>
                                    <CellContents>
                                        <Textbox Name="FlightNumber">
                                            <Value>=Fields!flightNumber.Value</Value>
                                        </Textbox>
                                    </CellContents>
                                </TablixCell>
                                <TablixCell>
                                    <CellContents>
                                        <Textbox Name="From">
                                            <Value>=Fields!from.Value</Value>
                                        </Textbox>
                                    </CellContents>
                                </TablixCell>
                                <TablixCell>
                                    <CellContents>
                                        <Textbox Name="To">
                                            <Value>=Fields!to.Value</Value>
                                        </Textbox>
                                    </CellContents>
                                </TablixCell>
                                <TablixCell>
                                    <CellContents>
                                        <Textbox Name="Date">
                                            <Value>=Fields!date.Value</Value>
                                            <Format>dd-MMM-yyyy</Format>
                                        </Textbox>
                                    </CellContents>
                                </TablixCell>
                                <TablixCell>
                                    <CellContents>
                                        <Textbox Name="Class">
                                            <Value>=Fields!class.Value</Value>
                                        </Textbox>
                                    </CellContents>
                                </TablixCell>
                                <TablixCell>
                                    <CellContents>
                                        <Textbox Name="Status">
                                            <Value>=Fields!status.Value</Value>
                                        </Textbox>
                                    </CellContents>
                                </TablixCell>
                            </TablixCells>
                        </TablixRow>
                    </TablixRows>
                </TablixBody>
            </Tablix>
        </ReportItems>
    </Body>
    
    <Page>
        <PageHeader>
            <Height>1in</Height>
            <ReportItems>
                <Textbox Name="ReportTitle">
                    <Value>Airline Booking Report</Value>
                    <Style>
                        <FontSize>18pt</FontSize>
                        <FontWeight>Bold</FontWeight>
                        <TextAlign>Center</TextAlign>
                    </Style>
                </Textbox>
            </ReportItems>
        </PageHeader>
        <PageFooter>
            <Height>0.5in</Height>
            <ReportItems>
                <Textbox Name="PageNumber">
                    <Value>Page {PageNumber} of {TotalPages}</Value>
                    <Style>
                        <TextAlign>Center</TextAlign>
                    </Style>
                </Textbox>
            </ReportItems>
        </PageFooter>
    </Page>
</Report>